-------------------------------------------------------------------------------
Test set: g58544.chess.model.PositionTest
-------------------------------------------------------------------------------
Tests run: 8, Failures: 7, Errors: 0, Skipped: 0, Time elapsed: 0.01 s <<< FAILURE! - in g58544.chess.model.PositionTest
g58544.chess.model.PositionTest.testNW()  Time elapsed: 0.003 s  <<< FAILURE!
org.opentest4j.AssertionFailedError: expected: <g58544.chess.model.Position@5c8da962> but was: <g58544.chess.model.Position@512ddf17>
	at org.junit.jupiter.api.AssertionUtils.fail(AssertionUtils.java:55)
	at org.junit.jupiter.api.AssertionUtils.failNotEqual(AssertionUtils.java:62)
	at org.junit.jupiter.api.AssertEquals.assertEquals(AssertEquals.java:182)
	at org.junit.jupiter.api.AssertEquals.assertEquals(AssertEquals.java:177)
	at org.junit.jupiter.api.Assertions.assertEquals(Assertions.java:1141)
	at g58544.chess.model.PositionTest.testNW(PositionTest.java:25)

g58544.chess.model.PositionTest.testN()  Time elapsed: 0 s  <<< FAILURE!
org.opentest4j.AssertionFailedError: expected: <g58544.chess.model.Position@7a7b0070> but was: <g58544.chess.model.Position@39a054a5>
	at org.junit.jupiter.api.AssertionUtils.fail(AssertionUtils.java:55)
	at org.junit.jupiter.api.AssertionUtils.failNotEqual(AssertionUtils.java:62)
	at org.junit.jupiter.api.AssertEquals.assertEquals(AssertEquals.java:182)
	at org.junit.jupiter.api.AssertEquals.assertEquals(AssertEquals.java:177)
	at org.junit.jupiter.api.Assertions.assertEquals(Assertions.java:1141)
	at g58544.chess.model.PositionTest.testN(PositionTest.java:39)

g58544.chess.model.PositionTest.testNE()  Time elapsed: 0 s  <<< FAILURE!
org.opentest4j.AssertionFailedError: expected: <g58544.chess.model.Position@6ed3ef1> but was: <g58544.chess.model.Position@2437c6dc>
	at org.junit.jupiter.api.AssertionUtils.fail(AssertionUtils.java:55)
	at org.junit.jupiter.api.AssertionUtils.failNotEqual(AssertionUtils.java:62)
	at org.junit.jupiter.api.AssertEquals.assertEquals(AssertEquals.java:182)
	at org.junit.jupiter.api.AssertEquals.assertEquals(AssertEquals.java:177)
	at org.junit.jupiter.api.Assertions.assertEquals(Assertions.java:1141)
	at g58544.chess.model.PositionTest.testNE(PositionTest.java:52)

g58544.chess.model.PositionTest.testW()  Time elapsed: 0 s  <<< FAILURE!
org.opentest4j.AssertionFailedError: expected: <g58544.chess.model.Position@e73f9ac> but was: <g58544.chess.model.Position@61064425>
	at org.junit.jupiter.api.AssertionUtils.fail(AssertionUtils.java:55)
	at org.junit.jupiter.api.AssertionUtils.failNotEqual(AssertionUtils.java:62)
	at org.junit.jupiter.api.AssertEquals.assertEquals(AssertEquals.java:182)
	at org.junit.jupiter.api.AssertEquals.assertEquals(AssertEquals.java:177)
	at org.junit.jupiter.api.Assertions.assertEquals(Assertions.java:1141)
	at g58544.chess.model.PositionTest.testW(PositionTest.java:65)

g58544.chess.model.PositionTest.testE()  Time elapsed: 0.001 s  <<< FAILURE!
org.opentest4j.AssertionFailedError: expected: <g58544.chess.model.Position@299a06ac> but was: <g58544.chess.model.Position@383534aa>
	at org.junit.jupiter.api.AssertionUtils.fail(AssertionUtils.java:55)
	at org.junit.jupiter.api.AssertionUtils.failNotEqual(AssertionUtils.java:62)
	at org.junit.jupiter.api.AssertEquals.assertEquals(AssertEquals.java:182)
	at org.junit.jupiter.api.AssertEquals.assertEquals(AssertEquals.java:177)
	at org.junit.jupiter.api.Assertions.assertEquals(Assertions.java:1141)
	at g58544.chess.model.PositionTest.testE(PositionTest.java:78)

g58544.chess.model.PositionTest.testS()  Time elapsed: 0.001 s  <<< FAILURE!
org.opentest4j.AssertionFailedError: expected: <g58544.chess.model.Position@7b3300e5> but was: <g58544.chess.model.Position@2e5c649>
	at org.junit.jupiter.api.AssertionUtils.fail(AssertionUtils.java:55)
	at org.junit.jupiter.api.AssertionUtils.failNotEqual(AssertionUtils.java:62)
	at org.junit.jupiter.api.AssertEquals.assertEquals(AssertEquals.java:182)
	at org.junit.jupiter.api.AssertEquals.assertEquals(AssertEquals.java:177)
	at org.junit.jupiter.api.Assertions.assertEquals(Assertions.java:1141)
	at g58544.chess.model.PositionTest.testS(PositionTest.java:104)

g58544.chess.model.PositionTest.testSE()  Time elapsed: 0.001 s  <<< FAILURE!
org.opentest4j.AssertionFailedError: expected: <g58544.chess.model.Position@7382f612> but was: <g58544.chess.model.Position@1055e4af>
	at org.junit.jupiter.api.AssertionUtils.fail(AssertionUtils.java:55)
	at org.junit.jupiter.api.AssertionUtils.failNotEqual(AssertionUtils.java:62)
	at org.junit.jupiter.api.AssertEquals.assertEquals(AssertEquals.java:182)
	at org.junit.jupiter.api.AssertEquals.assertEquals(AssertEquals.java:177)
	at org.junit.jupiter.api.Assertions.assertEquals(Assertions.java:1141)
	at g58544.chess.model.PositionTest.testSE(PositionTest.java:117)

