<?xml version="1.0" encoding="UTF-8"?>
<testsuite xmlns:xsi="http://www.w3.org/2001/XMLSchema-instance" xsi:noNamespaceSchemaLocation="https://maven.apache.org/surefire/maven-surefire-plugin/xsd/surefire-test-report.xsd" name="g58544.chess.model.PositionTest" time="0.01" tests="8" errors="0" skipped="0" failures="7">
  <properties>
[...]
</properties>
  <testcase name="g58544.chess.model.PositionTest.testNW" classname="g58544.chess.model.PositionTest" time="0.003">
    <failure message="expected: &lt;g58544.chess.model.Position@5c8da962&gt; but was: &lt;g58544.chess.model.Position@512ddf17&gt;" type="org.opentest4j.AssertionFailedError"><![CDATA[org.opentest4j.AssertionFailedError: expected: <g58544.chess.model.Position@5c8da962> but was: <g58544.chess.model.Position@512ddf17>
	at org.junit.jupiter.api.AssertionUtils.fail(AssertionUtils.java:55)
	at org.junit.jupiter.api.AssertionUtils.failNotEqual(AssertionUtils.java:62)
	at org.junit.jupiter.api.AssertEquals.assertEquals(AssertEquals.java:182)
	at org.junit.jupiter.api.AssertEquals.assertEquals(AssertEquals.java:177)
	at org.junit.jupiter.api.Assertions.assertEquals(Assertions.java:1141)
	at g58544.chess.model.PositionTest.testNW(PositionTest.java:25)
]]></failure>
    <system-out><![CDATA[North West
]]></system-out>
  </testcase>
  <testcase name="g58544.chess.model.PositionTest.testN" classname="g58544.chess.model.PositionTest" time="0">
    <failure message="expected: &lt;g58544.chess.model.Position@7a7b0070&gt; but was: &lt;g58544.chess.model.Position@39a054a5&gt;" type="org.opentest4j.AssertionFailedError"><![CDATA[org.opentest4j.AssertionFailedError: expected: <g58544.chess.model.Position@7a7b0070> but was: <g58544.chess.model.Position@39a054a5>
	at org.junit.jupiter.api.AssertionUtils.fail(AssertionUtils.java:55)
	at org.junit.jupiter.api.AssertionUtils.failNotEqual(AssertionUtils.java:62)
	at org.junit.jupiter.api.AssertEquals.assertEquals(AssertEquals.java:182)
	at org.junit.jupiter.api.AssertEquals.assertEquals(AssertEquals.java:177)
	at org.junit.jupiter.api.Assertions.assertEquals(Assertions.java:1141)
	at g58544.chess.model.PositionTest.testN(PositionTest.java:39)
]]></failure>
    <system-out><![CDATA[North
]]></system-out>
  </testcase>
  <testcase name="g58544.chess.model.PositionTest.testNE" classname="g58544.chess.model.PositionTest" time="0">
    <failure message="expected: &lt;g58544.chess.model.Position@6ed3ef1&gt; but was: &lt;g58544.chess.model.Position@2437c6dc&gt;" type="org.opentest4j.AssertionFailedError"><![CDATA[org.opentest4j.AssertionFailedError: expected: <g58544.chess.model.Position@6ed3ef1> but was: <g58544.chess.model.Position@2437c6dc>
	at org.junit.jupiter.api.AssertionUtils.fail(AssertionUtils.java:55)
	at org.junit.jupiter.api.AssertionUtils.failNotEqual(AssertionUtils.java:62)
	at org.junit.jupiter.api.AssertEquals.assertEquals(AssertEquals.java:182)
	at org.junit.jupiter.api.AssertEquals.assertEquals(AssertEquals.java:177)
	at org.junit.jupiter.api.Assertions.assertEquals(Assertions.java:1141)
	at g58544.chess.model.PositionTest.testNE(PositionTest.java:52)
]]></failure>
    <system-out><![CDATA[North East
]]></system-out>
  </testcase>
  <testcase name="g58544.chess.model.PositionTest.testW" classname="g58544.chess.model.PositionTest" time="0">
    <failure message="expected: &lt;g58544.chess.model.Position@e73f9ac&gt; but was: &lt;g58544.chess.model.Position@61064425&gt;" type="org.opentest4j.AssertionFailedError"><![CDATA[org.opentest4j.AssertionFailedError: expected: <g58544.chess.model.Position@e73f9ac> but was: <g58544.chess.model.Position@61064425>
	at org.junit.jupiter.api.AssertionUtils.fail(AssertionUtils.java:55)
	at org.junit.jupiter.api.AssertionUtils.failNotEqual(AssertionUtils.java:62)
	at org.junit.jupiter.api.AssertEquals.assertEquals(AssertEquals.java:182)
	at org.junit.jupiter.api.AssertEquals.assertEquals(AssertEquals.java:177)
	at org.junit.jupiter.api.Assertions.assertEquals(Assertions.java:1141)
	at g58544.chess.model.PositionTest.testW(PositionTest.java:65)
]]></failure>
    <system-out><![CDATA[West
]]></system-out>
  </testcase>
  <testcase name="g58544.chess.model.PositionTest.testE" classname="g58544.chess.model.PositionTest" time="0.001">
    <failure message="expected: &lt;g58544.chess.model.Position@299a06ac&gt; but was: &lt;g58544.chess.model.Position@383534aa&gt;" type="org.opentest4j.AssertionFailedError"><![CDATA[org.opentest4j.AssertionFailedError: expected: <g58544.chess.model.Position@299a06ac> but was: <g58544.chess.model.Position@383534aa>
	at org.junit.jupiter.api.AssertionUtils.fail(AssertionUtils.java:55)
	at org.junit.jupiter.api.AssertionUtils.failNotEqual(AssertionUtils.java:62)
	at org.junit.jupiter.api.AssertEquals.assertEquals(AssertEquals.java:182)
	at org.junit.jupiter.api.AssertEquals.assertEquals(AssertEquals.java:177)
	at org.junit.jupiter.api.Assertions.assertEquals(Assertions.java:1141)
	at g58544.chess.model.PositionTest.testE(PositionTest.java:78)
]]></failure>
    <system-out><![CDATA[Eeast
]]></system-out>
  </testcase>
  <testcase name="g58544.chess.model.PositionTest.testSW" classname="g58544.chess.model.PositionTest" time="0"/>
  <testcase name="g58544.chess.model.PositionTest.testS" classname="g58544.chess.model.PositionTest" time="0.001">
    <failure message="expected: &lt;g58544.chess.model.Position@7b3300e5&gt; but was: &lt;g58544.chess.model.Position@2e5c649&gt;" type="org.opentest4j.AssertionFailedError"><![CDATA[org.opentest4j.AssertionFailedError: expected: <g58544.chess.model.Position@7b3300e5> but was: <g58544.chess.model.Position@2e5c649>
	at org.junit.jupiter.api.AssertionUtils.fail(AssertionUtils.java:55)
	at org.junit.jupiter.api.AssertionUtils.failNotEqual(AssertionUtils.java:62)
	at org.junit.jupiter.api.AssertEquals.assertEquals(AssertEquals.java:182)
	at org.junit.jupiter.api.AssertEquals.assertEquals(AssertEquals.java:177)
	at org.junit.jupiter.api.Assertions.assertEquals(Assertions.java:1141)
	at g58544.chess.model.PositionTest.testS(PositionTest.java:104)
]]></failure>
    <system-out><![CDATA[South
]]></system-out>
  </testcase>
  <testcase name="g58544.chess.model.PositionTest.testSE" classname="g58544.chess.model.PositionTest" time="0.001">
    <failure message="expected: &lt;g58544.chess.model.Position@7382f612&gt; but was: &lt;g58544.chess.model.Position@1055e4af&gt;" type="org.opentest4j.AssertionFailedError"><![CDATA[org.opentest4j.AssertionFailedError: expected: <g58544.chess.model.Position@7382f612> but was: <g58544.chess.model.Position@1055e4af>
	at org.junit.jupiter.api.AssertionUtils.fail(AssertionUtils.java:55)
	at org.junit.jupiter.api.AssertionUtils.failNotEqual(AssertionUtils.java:62)
	at org.junit.jupiter.api.AssertEquals.assertEquals(AssertEquals.java:182)
	at org.junit.jupiter.api.AssertEquals.assertEquals(AssertEquals.java:177)
	at org.junit.jupiter.api.Assertions.assertEquals(Assertions.java:1141)
	at g58544.chess.model.PositionTest.testSE(PositionTest.java:117)
]]></failure>
    <system-out><![CDATA[South East
]]></system-out>
  </testcase>
</testsuite>